<!DOCTYPE html PUBLIC "-//W3C//DTD XHTML 1.1//EN" "http://www.w3.org/TR/xhtml11/DTD/xhtml11.dtd">
<html xmlns="http://www.w3.org/1999/xhtml">
<head>
<meta http-equiv="content-type" content="text/html; charset=UTF-8"/>
<title>TestNG Report</title>
<style type="text/css">table {margin-bottom:10px;border-collapse:collapse;empty-cells:show}th,td {border:1px solid #009;padding:.25em .5em}th {vertical-align:bottom}td {vertical-align:top}table a {font-weight:bold}.stripe td {background-color: #E6EBF9}.num {text-align:right}.passedodd td {background-color: #3F3}.passedeven td {background-color: #0A0}.skippedodd td {background-color: #DDD}.skippedeven td {background-color: #CCC}.failedodd td,.attn {background-color: #F33}.failedeven td,.stripe .attn {background-color: #D00}.stacktrace {white-space:pre;font-family:monospace}.totop {font-size:85%;text-align:center;border-bottom:2px solid #000}.invisible {display:none}</style>
</head>
<body>
<table>
<tr><th>Test</th><th># Passed</th><th># Skipped</th><th># Failed</th><th>Time (ms)</th><th>Included Groups</th><th>Excluded Groups</th></tr>
<tr><th colspan="7">HMS Rajbahadur (0)</th></tr>
<tr><td><a href="#t0">Login Page Test Case</a></td><td class="num">0</td><td class="num">0</td><td class="num">0</td><td class="num">114</td><td></td><td></td></tr>
<tr><th colspan="7">HMS Rajbahadur</th></tr>
<tr class="stripe"><td><a href="#t1">Login Page Test Case</a></td><td class="num">1</td><td class="num">0</td><td class="num">0</td><td class="num">15,313</td><td></td><td></td></tr>
<tr><td><a href="#t2">Add Enquiry Test Case</a></td><td class="num">1</td><td class="num">0</td><td class="num">0</td><td class="num">22,515</td><td></td><td></td></tr>
<tr class="stripe"><td><a href="#t3">OPD Registration Test Case</a></td><td class="num">0</td><td class="num">0</td><td class="num attn">1</td><td class="num">19,837</td><td></td><td></td></tr>
<tr><th>Total</th><th class="num">2</th><th class="num">0</th><th class="num attn">1</th><th class="num">57,779</th><th colspan="2"></th></tr>
</table>
<table id='summary'><thead><tr><th>Class</th><th>Method</th><th>Start</th><th>Time (ms)</th></tr></thead><tbody><tr><th colspan="4">HMS Rajbahadur (0)</th></tr></tbody><tbody id="t0"><tr><th colspan="4">Login Page Test Case &#8212; failed (configuration methods)</th></tr><tr class="failedeven"><td rowspan="1">cucumberOptions.TestRunner</td><td><a href="#m0">setUpClass</a></td><td rowspan="1">1609394192930</td><td rowspan="1">113</td></tr></tbody>
<tbody><tr><th colspan="4">HMS Rajbahadur</th></tr></tbody><tbody id="t1"><tr><th colspan="4">Login Page Test Case &#8212; passed</th></tr><tr class="passedeven"><td rowspan="1">Academy.E2EProject.LoginPageMain</td><td><a href="#m1">loginMethod</a></td><td rowspan="1">1609394147321</td><td rowspan="1">2520</td></tr></tbody>
<tbody id="t2"><tr><th colspan="4">Add Enquiry Test Case &#8212; passed</th></tr><tr class="passedeven"><td rowspan="1">Academy.E2EProject.AddEnquiryMain</td><td><a href="#m2">enquiryAdd</a></td><td rowspan="1">1609394159984</td><td rowspan="1">12774</td></tr></tbody>
<tbody id="t3"><tr><th colspan="4">OPD Registration Test Case &#8212; failed</th></tr><tr class="failedeven"><td rowspan="1">Academy.E2EProject.OPDRegistrationMain</td><td><a href="#m3">OPDRegMethod</a></td><td rowspan="1">1609394180607</td><td rowspan="1">11738</td></tr></tbody>
</table>
<h2>Login Page Test Case</h2><h3 id="m0">cucumberOptions.TestRunner#setUpClass</h3><table class="result"><tr><th>Exception</th></tr><tr><td><div class="stacktrace">java.lang.IllegalArgumentException: path must exist: C:\Users\jitendra.battise\E2EProject\src\test\java\features
	at io.cucumber.core.resource.PathScanner.findResourcesForPath(PathScanner.java:44)
	at io.cucumber.core.resource.PathScanner.findResourcesForUri(PathScanner.java:28)
	at io.cucumber.core.resource.ResourceScanner.findResourcesForUri(ResourceScanner.java:61)
	at io.cucumber.core.resource.ResourceScanner.scanForResourcesUri(ResourceScanner.java:134)
	at io.cucumber.core.runtime.FeaturePathFeatureSupplier.loadFeatures(FeaturePathFeatureSupplier.java:62)
	at io.cucumber.core.runtime.FeaturePathFeatureSupplier.get(FeaturePathFeatureSupplier.java:45)
	at io.cucumber.testng.TestNGCucumberRunner.&lt;init&gt;(TestNGCucumberRunner.java:107)
	at io.cucumber.testng.AbstractTestNGCucumberTests.setUpClass(AbstractTestNGCucumberTests.java:23)
... Removed 30 stack frames</div></td></tr></table><p class="totop"><a href="#summary">back to summary</a></p>
<h2>Login Page Test Case</h2><h3 id="m1">Academy.E2EProject.LoginPageMain#loginMethod</h3><table class="result"><tr><th class="invisible"/></tr></table><p class="totop"><a href="#summary">back to summary</a></p>
<h2>Add Enquiry Test Case</h2><h3 id="m2">Academy.E2EProject.AddEnquiryMain#enquiryAdd</h3><table class="result"><tr class="param"><th>Parameter #1</th><th>Parameter #2</th></tr><tr class="param stripe"><td>Administrator</td><td>Supp0rt#123</td></tr></table><p class="totop"><a href="#summary">back to summary</a></p>
<h2>OPD Registration Test Case</h2><h3 id="m3">Academy.E2EProject.OPDRegistrationMain#OPDRegMethod</h3><table class="result"><tr><th>Exception</th></tr><tr><td><div class="stacktrace">org.openqa.selenium.UnhandledAlertException: unexpected alert open: {Alert text : Please correct the following 3 errors.

● The Patient Name field is required.
● The Doctor field is required.
● The Contact No 1 field is required.}
  (Session info: chrome=87.0.4280.88): Please correct the following 3 errors.

● The Patient Name field is required.
● The Doctor field is required.
● The Contact No 1 field is required.
Build info: version: &apos;3.141.59&apos;, revision: &apos;e82be7d358&apos;, time: &apos;2018-11-14T08:17:03&apos;
System info: host: &apos;DESKTOP-90MBKRF&apos;, ip: &apos;192.168.56.1&apos;, os.name: &apos;Windows 10&apos;, os.arch: &apos;amd64&apos;, os.version: &apos;10.0&apos;, java.version: &apos;1.8.0_251&apos;
Driver info: org.openqa.selenium.chrome.ChromeDriver
Capabilities {acceptInsecureCerts: false, browserName: chrome, browserVersion: 87.0.4280.88, chrome: {chromedriverVersion: 87.0.4280.88 (89e2380a3e36c..., userDataDir: C:\Users\JITEND~1.BAT\AppDa...}, goog:chromeOptions: {debuggerAddress: localhost:59060}, javascriptEnabled: true, networkConnectionEnabled: false, pageLoadStrategy: normal, platform: WINDOWS, platformName: WINDOWS, proxy: Proxy(), setWindowRect: true, strictFileInteractability: false, timeouts: {implicit: 0, pageLoad: 300000, script: 30000}, unhandledPromptBehavior: dismiss and notify, webauthn:virtualAuthenticators: true}
Session ID: 11f064a3e73035f7a8c1faa36c459791
*** Element info: {Using=xpath, value=//*[@class=&apos;success-icon&apos;]}
	at org.openqa.selenium.remote.http.W3CHttpResponseCodec.decode(W3CHttpResponseCodec.java:120)
	at org.openqa.selenium.remote.http.W3CHttpResponseCodec.decode(W3CHttpResponseCodec.java:49)
	at org.openqa.selenium.remote.HttpCommandExecutor.execute(HttpCommandExecutor.java:158)
	at org.openqa.selenium.remote.service.DriverCommandExecutor.execute(DriverCommandExecutor.java:83)
	at org.openqa.selenium.remote.RemoteWebDriver.execute(RemoteWebDriver.java:552)
	at org.openqa.selenium.remote.RemoteWebDriver.findElement(RemoteWebDriver.java:323)
	at org.openqa.selenium.remote.RemoteWebDriver.findElementByXPath(RemoteWebDriver.java:428)
	at org.openqa.selenium.By$ByXPath.findElement(By.java:353)
	at org.openqa.selenium.remote.RemoteWebDriver.findElement(RemoteWebDriver.java:315)
	at org.openqa.selenium.support.pagefactory.DefaultElementLocator.findElement(DefaultElementLocator.java:69)
	at org.openqa.selenium.support.pagefactory.internal.LocatingElementHandler.invoke(LocatingElementHandler.java:38)
	at com.sun.proxy.$Proxy14.getText(Unknown Source)
	at Academy.E2EProject.OPDRegistrationMain.OPDRegMethod(OPDRegistrationMain.java:93)
... Removed 29 stack frames</div></td></tr></table><p class="totop"><a href="#summary">back to summary</a></p>
</body>
</html>
