<?xml version="1.0" encoding="UTF-8"?>
<testng-results skipped="0" failed="1" ignored="0" total="3" passed="2">
  <reporter-output>
  </reporter-output>
  <suite name="HMS Rajbahadur (0)" duration-ms="114" started-at="2020-12-31T05:56:32Z" finished-at="2020-12-31T05:56:33Z">
    <groups>
      <group name="cucumber">
        <method signature="AbstractTestNGCucumberTests.runScenario(io.cucumber.testng.PickleWrapper, io.cucumber.testng.FeatureWrapper)[pri:0, instance:cucumberOptions.TestRunner@15bb6bea]" name="runScenario" class="io.cucumber.testng.AbstractTestNGCucumberTests"/>
      </group> <!-- cucumber -->
    </groups>
    <test name="Login Page Test Case" duration-ms="114" started-at="2020-12-31T05:56:32Z" finished-at="2020-12-31T05:56:33Z">
      <class name="cucumberOptions.TestRunner">
        <test-method status="FAIL" signature="setUpClass()[pri:0, instance:cucumberOptions.TestRunner@15bb6bea]" name="setUpClass" is-config="true" duration-ms="113" started-at="2020-12-31T00:56:32Z" finished-at="2020-12-31T00:56:33Z">
          <exception class="java.lang.IllegalArgumentException">
            <message>
              <![CDATA[path must exist: C:\Users\jitendra.battise\E2EProject\src\test\java\features]]>
            </message>
            <full-stacktrace>
              <![CDATA[java.lang.IllegalArgumentException: path must exist: C:\Users\jitendra.battise\E2EProject\src\test\java\featuresat io.cucumber.core.resource.PathScanner.findResourcesForPath(PathScanner.java:44)at io.cucumber.core.resource.PathScanner.findResourcesForUri(PathScanner.java:28)at io.cucumber.core.resource.ResourceScanner.findResourcesForUri(ResourceScanner.java:61)at io.cucumber.core.resource.ResourceScanner.scanForResourcesUri(ResourceScanner.java:134)at io.cucumber.core.runtime.FeaturePathFeatureSupplier.loadFeatures(FeaturePathFeatureSupplier.java:62)at io.cucumber.core.runtime.FeaturePathFeatureSupplier.get(FeaturePathFeatureSupplier.java:45)at io.cucumber.testng.TestNGCucumberRunner.<init>(TestNGCucumberRunner.java:107)at io.cucumber.testng.AbstractTestNGCucumberTests.setUpClass(AbstractTestNGCucumberTests.java:23)at sun.reflect.NativeMethodAccessorImpl.invoke0(Native Method)at sun.reflect.NativeMethodAccessorImpl.invoke(NativeMethodAccessorImpl.java:62)at sun.reflect.DelegatingMethodAccessorImpl.invoke(DelegatingMethodAccessorImpl.java:43)at java.lang.reflect.Method.invoke(Method.java:498)at org.testng.internal.MethodInvocationHelper.invokeMethod(MethodInvocationHelper.java:124)at org.testng.internal.MethodInvocationHelper.invokeMethodConsideringTimeout(MethodInvocationHelper.java:59)at org.testng.internal.Invoker.invokeConfigurationMethod(Invoker.java:451)at org.testng.internal.Invoker.invokeConfigurations(Invoker.java:222)at org.testng.internal.Invoker.invokeConfigurations(Invoker.java:142)at org.testng.internal.TestMethodWorker.invokeBeforeClassMethods(TestMethodWorker.java:163)at org.testng.internal.TestMethodWorker.run(TestMethodWorker.java:105)at org.testng.TestRunner.privateRun(TestRunner.java:648)at org.testng.TestRunner.run(TestRunner.java:505)at org.testng.SuiteRunner.runTest(SuiteRunner.java:455)at org.testng.SuiteRunner.runSequentially(SuiteRunner.java:450)at org.testng.SuiteRunner.privateRun(SuiteRunner.java:415)at org.testng.SuiteRunner.run(SuiteRunner.java:364)at org.testng.SuiteRunnerWorker.runSuite(SuiteRunnerWorker.java:52)at org.testng.SuiteRunnerWorker.run(SuiteRunnerWorker.java:84)at org.testng.TestNG.runSuitesSequentially(TestNG.java:1187)at org.testng.TestNG.runSuitesLocally(TestNG.java:1116)at org.testng.TestNG.runSuites(TestNG.java:1028)at org.testng.TestNG.run(TestNG.java:996)at org.apache.maven.surefire.testng.TestNGExecutor.run(TestNGExecutor.java:283)at org.apache.maven.surefire.testng.TestNGXmlTestSuite.execute(TestNGXmlTestSuite.java:75)at org.apache.maven.surefire.testng.TestNGProvider.invoke(TestNGProvider.java:120)at org.apache.maven.surefire.booter.ForkedBooter.invokeProviderInSameClassLoader(ForkedBooter.java:379)at org.apache.maven.surefire.booter.ForkedBooter.runSuitesInProcess(ForkedBooter.java:340)at org.apache.maven.surefire.booter.ForkedBooter.execute(ForkedBooter.java:125)at org.apache.maven.surefire.booter.ForkedBooter.main(ForkedBooter.java:413)]]>
            </full-stacktrace>
          </exception> <!-- java.lang.IllegalArgumentException -->
          <reporter-output>
          </reporter-output>
        </test-method> <!-- setUpClass -->
        <test-method status="PASS" signature="tearDownClass()[pri:0, instance:cucumberOptions.TestRunner@15bb6bea]" name="tearDownClass" is-config="true" duration-ms="0" started-at="2020-12-31T00:56:33Z" finished-at="2020-12-31T00:56:33Z">
          <reporter-output>
          </reporter-output>
        </test-method> <!-- tearDownClass -->
      </class> <!-- cucumberOptions.TestRunner -->
    </test> <!-- Login Page Test Case -->
  </suite> <!-- HMS Rajbahadur (0) -->
  <suite name="HMS Rajbahadur" duration-ms="58160" started-at="2020-12-31T05:55:34Z" finished-at="2020-12-31T05:56:32Z">
    <groups>
    </groups>
    <test name="Login Page Test Case" duration-ms="15313" started-at="2020-12-31T05:55:34Z" finished-at="2020-12-31T05:55:50Z">
      <class name="Academy.E2EProject.LoginPageMain">
        <test-method status="PASS" signature="before()[pri:0, instance:Academy.E2EProject.LoginPageMain@6385cb26]" name="before" is-config="true" duration-ms="12595" started-at="2020-12-31T00:55:34Z" finished-at="2020-12-31T00:55:47Z">
          <reporter-output>
          </reporter-output>
        </test-method> <!-- before -->
        <test-method status="PASS" signature="loginMethod()[pri:0, instance:Academy.E2EProject.LoginPageMain@6385cb26]" name="loginMethod" duration-ms="2520" started-at="2020-12-31T00:55:47Z" finished-at="2020-12-31T00:55:49Z">
          <reporter-output>
          </reporter-output>
        </test-method> <!-- loginMethod -->
        <test-method status="PASS" signature="after()[pri:0, instance:Academy.E2EProject.LoginPageMain@6385cb26]" name="after" is-config="true" duration-ms="178" started-at="2020-12-31T00:55:49Z" finished-at="2020-12-31T00:55:50Z">
          <reporter-output>
          </reporter-output>
        </test-method> <!-- after -->
      </class> <!-- Academy.E2EProject.LoginPageMain -->
    </test> <!-- Login Page Test Case -->
    <test name="Add Enquiry Test Case" duration-ms="22515" started-at="2020-12-31T05:55:50Z" finished-at="2020-12-31T05:56:12Z">
      <class name="Academy.E2EProject.AddEnquiryMain">
        <test-method status="PASS" signature="before()[pri:0, instance:Academy.E2EProject.AddEnquiryMain@6591f517]" name="before" is-config="true" duration-ms="9504" started-at="2020-12-31T00:55:50Z" finished-at="2020-12-31T00:55:59Z">
          <reporter-output>
          </reporter-output>
        </test-method> <!-- before -->
        <test-method status="PASS" signature="enquiryAdd(java.lang.String, java.lang.String)[pri:0, instance:Academy.E2EProject.AddEnquiryMain@6591f517]" name="enquiryAdd" duration-ms="12774" started-at="2020-12-31T00:55:59Z" data-provider="getData" finished-at="2020-12-31T00:56:12Z">
          <params>
            <param index="0">
              <value>
                <![CDATA[Administrator]]>
              </value>
            </param>
            <param index="1">
              <value>
                <![CDATA[Supp0rt#123]]>
              </value>
            </param>
          </params>
          <reporter-output>
          </reporter-output>
        </test-method> <!-- enquiryAdd -->
        <test-method status="PASS" signature="after()[pri:0, instance:Academy.E2EProject.AddEnquiryMain@6591f517]" name="after" is-config="true" duration-ms="232" started-at="2020-12-31T00:56:12Z" finished-at="2020-12-31T00:56:12Z">
          <reporter-output>
          </reporter-output>
        </test-method> <!-- after -->
      </class> <!-- Academy.E2EProject.AddEnquiryMain -->
    </test> <!-- Add Enquiry Test Case -->
    <test name="OPD Registration Test Case" duration-ms="19837" started-at="2020-12-31T05:56:13Z" finished-at="2020-12-31T05:56:32Z">
      <class name="Academy.E2EProject.OPDRegistrationMain">
        <test-method status="PASS" signature="before()[pri:0, instance:Academy.E2EProject.OPDRegistrationMain@4461c7e3]" name="before" is-config="true" duration-ms="7572" started-at="2020-12-31T00:56:13Z" finished-at="2020-12-31T00:56:20Z">
          <reporter-output>
          </reporter-output>
        </test-method> <!-- before -->
        <test-method status="FAIL" signature="OPDRegMethod()[pri:0, instance:Academy.E2EProject.OPDRegistrationMain@4461c7e3]" name="OPDRegMethod" duration-ms="11738" started-at="2020-12-31T00:56:20Z" finished-at="2020-12-31T00:56:32Z">
          <exception class="org.openqa.selenium.UnhandledAlertException">
            <message>
              <![CDATA[unexpected alert open: {Alert text : Please correct the following 3 errors.● The Patient Name field is required.● The Doctor field is required.● The Contact No 1 field is required.}  (Session info: chrome=87.0.4280.88): Please correct the following 3 errors.● The Patient Name field is required.● The Doctor field is required.● The Contact No 1 field is required.Build info: version: '3.141.59', revision: 'e82be7d358', time: '2018-11-14T08:17:03'System info: host: 'DESKTOP-90MBKRF', ip: '192.168.56.1', os.name: 'Windows 10', os.arch: 'amd64', os.version: '10.0', java.version: '1.8.0_251'Driver info: org.openqa.selenium.chrome.ChromeDriverCapabilities {acceptInsecureCerts: false, browserName: chrome, browserVersion: 87.0.4280.88, chrome: {chromedriverVersion: 87.0.4280.88 (89e2380a3e36c..., userDataDir: C:\Users\JITEND~1.BAT\AppDa...}, goog:chromeOptions: {debuggerAddress: localhost:59060}, javascriptEnabled: true, networkConnectionEnabled: false, pageLoadStrategy: normal, platform: WINDOWS, platformName: WINDOWS, proxy: Proxy(), setWindowRect: true, strictFileInteractability: false, timeouts: {implicit: 0, pageLoad: 300000, script: 30000}, unhandledPromptBehavior: dismiss and notify, webauthn:virtualAuthenticators: true}Session ID: 11f064a3e73035f7a8c1faa36c459791*** Element info: {Using=xpath, value=//*[@class='success-icon']}]]>
            </message>
            <full-stacktrace>
              <![CDATA[org.openqa.selenium.UnhandledAlertException: unexpected alert open: {Alert text : Please correct the following 3 errors.● The Patient Name field is required.● The Doctor field is required.● The Contact No 1 field is required.}  (Session info: chrome=87.0.4280.88): Please correct the following 3 errors.● The Patient Name field is required.● The Doctor field is required.● The Contact No 1 field is required.Build info: version: '3.141.59', revision: 'e82be7d358', time: '2018-11-14T08:17:03'System info: host: 'DESKTOP-90MBKRF', ip: '192.168.56.1', os.name: 'Windows 10', os.arch: 'amd64', os.version: '10.0', java.version: '1.8.0_251'Driver info: org.openqa.selenium.chrome.ChromeDriverCapabilities {acceptInsecureCerts: false, browserName: chrome, browserVersion: 87.0.4280.88, chrome: {chromedriverVersion: 87.0.4280.88 (89e2380a3e36c..., userDataDir: C:\Users\JITEND~1.BAT\AppDa...}, goog:chromeOptions: {debuggerAddress: localhost:59060}, javascriptEnabled: true, networkConnectionEnabled: false, pageLoadStrategy: normal, platform: WINDOWS, platformName: WINDOWS, proxy: Proxy(), setWindowRect: true, strictFileInteractability: false, timeouts: {implicit: 0, pageLoad: 300000, script: 30000}, unhandledPromptBehavior: dismiss and notify, webauthn:virtualAuthenticators: true}Session ID: 11f064a3e73035f7a8c1faa36c459791*** Element info: {Using=xpath, value=//*[@class='success-icon']}at org.openqa.selenium.remote.http.W3CHttpResponseCodec.decode(W3CHttpResponseCodec.java:120)at org.openqa.selenium.remote.http.W3CHttpResponseCodec.decode(W3CHttpResponseCodec.java:49)at org.openqa.selenium.remote.HttpCommandExecutor.execute(HttpCommandExecutor.java:158)at org.openqa.selenium.remote.service.DriverCommandExecutor.execute(DriverCommandExecutor.java:83)at org.openqa.selenium.remote.RemoteWebDriver.execute(RemoteWebDriver.java:552)at org.openqa.selenium.remote.RemoteWebDriver.findElement(RemoteWebDriver.java:323)at org.openqa.selenium.remote.RemoteWebDriver.findElementByXPath(RemoteWebDriver.java:428)at org.openqa.selenium.By$ByXPath.findElement(By.java:353)at org.openqa.selenium.remote.RemoteWebDriver.findElement(RemoteWebDriver.java:315)at org.openqa.selenium.support.pagefactory.DefaultElementLocator.findElement(DefaultElementLocator.java:69)at org.openqa.selenium.support.pagefactory.internal.LocatingElementHandler.invoke(LocatingElementHandler.java:38)at com.sun.proxy.$Proxy14.getText(Unknown Source)at Academy.E2EProject.OPDRegistrationMain.OPDRegMethod(OPDRegistrationMain.java:93)at sun.reflect.NativeMethodAccessorImpl.invoke0(Native Method)at sun.reflect.NativeMethodAccessorImpl.invoke(NativeMethodAccessorImpl.java:62)at sun.reflect.DelegatingMethodAccessorImpl.invoke(DelegatingMethodAccessorImpl.java:43)at java.lang.reflect.Method.invoke(Method.java:498)at org.testng.internal.MethodInvocationHelper.invokeMethod(MethodInvocationHelper.java:124)at org.testng.internal.Invoker.invokeMethod(Invoker.java:571)at org.testng.internal.Invoker.invokeTestMethod(Invoker.java:707)at org.testng.internal.Invoker.invokeTestMethods(Invoker.java:979)at org.testng.internal.TestMethodWorker.invokeTestMethods(TestMethodWorker.java:125)at org.testng.internal.TestMethodWorker.run(TestMethodWorker.java:109)at org.testng.TestRunner.privateRun(TestRunner.java:648)at org.testng.TestRunner.run(TestRunner.java:505)at org.testng.SuiteRunner.runTest(SuiteRunner.java:455)at org.testng.SuiteRunner.runSequentially(SuiteRunner.java:450)at org.testng.SuiteRunner.privateRun(SuiteRunner.java:415)at org.testng.SuiteRunner.run(SuiteRunner.java:364)at org.testng.SuiteRunnerWorker.runSuite(SuiteRunnerWorker.java:52)at org.testng.SuiteRunnerWorker.run(SuiteRunnerWorker.java:84)at org.testng.TestNG.runSuitesSequentially(TestNG.java:1187)at org.testng.TestNG.runSuitesLocally(TestNG.java:1116)at org.testng.TestNG.runSuites(TestNG.java:1028)at org.testng.TestNG.run(TestNG.java:996)at org.apache.maven.surefire.testng.TestNGExecutor.run(TestNGExecutor.java:283)at org.apache.maven.surefire.testng.TestNGXmlTestSuite.execute(TestNGXmlTestSuite.java:75)at org.apache.maven.surefire.testng.TestNGProvider.invoke(TestNGProvider.java:120)at org.apache.maven.surefire.booter.ForkedBooter.invokeProviderInSameClassLoader(ForkedBooter.java:379)at org.apache.maven.surefire.booter.ForkedBooter.runSuitesInProcess(ForkedBooter.java:340)at org.apache.maven.surefire.booter.ForkedBooter.execute(ForkedBooter.java:125)at org.apache.maven.surefire.booter.ForkedBooter.main(ForkedBooter.java:413)]]>
            </full-stacktrace>
          </exception> <!-- org.openqa.selenium.UnhandledAlertException -->
          <reporter-output>
          </reporter-output>
        </test-method> <!-- OPDRegMethod -->
        <test-method status="PASS" signature="after()[pri:0, instance:Academy.E2EProject.OPDRegistrationMain@4461c7e3]" name="after" is-config="true" duration-ms="0" started-at="2020-12-31T00:56:32Z" finished-at="2020-12-31T00:56:32Z">
          <reporter-output>
          </reporter-output>
        </test-method> <!-- after -->
      </class> <!-- Academy.E2EProject.OPDRegistrationMain -->
    </test> <!-- OPD Registration Test Case -->
  </suite> <!-- HMS Rajbahadur -->
</testng-results>
